Using pre-set license
Built from '2021.3/staging' branch; Version is '2021.3.9f1 (ad3870b89536) revision 11352176'; Using compiler version '192829333'; Build Type 'Release'
OS: 'Windows 10  (10.0.19042) 64bit Professional' Language: 'ru' Physical Memory: 16370 MB
BatchMode: 1, IsHumanControllingUs: 0, StartBugReporterOnCrash: 0, Is64bit: 1, IsPro: 1

COMMAND LINE ARGUMENTS:
C:\Program Files\Unity\Hub\Editor\2021.3.9f1\Editor\Unity.exe
-adb2
-batchMode
-noUpm
-name
AssetImportWorker0
-projectPath
C:/Users/Intel/Desktop/22
-logFile
Logs/AssetImportWorker0.log
-srvPort
52099
Successfully changed project path to: C:/Users/Intel/Desktop/22
C:/Users/Intel/Desktop/22
[UnityMemory] Configuration Parameters - Can be set up in boot.config
    "memorysetup-bucket-allocator-granularity=16"
    "memorysetup-bucket-allocator-bucket-count=8"
    "memorysetup-bucket-allocator-block-size=33554432"
    "memorysetup-bucket-allocator-block-count=8"
    "memorysetup-main-allocator-block-size=16777216"
    "memorysetup-thread-allocator-block-size=16777216"
    "memorysetup-gfx-main-allocator-block-size=16777216"
    "memorysetup-gfx-thread-allocator-block-size=16777216"
    "memorysetup-cache-allocator-block-size=4194304"
    "memorysetup-typetree-allocator-block-size=2097152"
    "memorysetup-profiler-bucket-allocator-granularity=16"
    "memorysetup-profiler-bucket-allocator-bucket-count=8"
    "memorysetup-profiler-bucket-allocator-block-size=33554432"
    "memorysetup-profiler-bucket-allocator-block-count=8"
    "memorysetup-profiler-allocator-block-size=16777216"
    "memorysetup-profiler-editor-allocator-block-size=1048576"
    "memorysetup-temp-allocator-size-main=16777216"
    "memorysetup-job-temp-allocator-block-size=2097152"
    "memorysetup-job-temp-allocator-block-size-background=1048576"
    "memorysetup-job-temp-allocator-reduction-small-platforms=262144"
    "memorysetup-temp-allocator-size-background-worker=32768"
    "memorysetup-temp-allocator-size-job-worker=262144"
    "memorysetup-temp-allocator-size-preload-manager=33554432"
    "memorysetup-temp-allocator-size-nav-mesh-worker=65536"
    "memorysetup-temp-allocator-size-audio-worker=65536"
    "memorysetup-temp-allocator-size-cloud-worker=32768"
    "memorysetup-temp-allocator-size-gi-baking-worker=262144"
    "memorysetup-temp-allocator-size-gfx=262144"
Refreshing native plugins compatible for Editor in 204.34 ms, found 4 plugins.
Preloading 0 native plugins for Editor in 0.00 ms.
Initialize engine version: 2021.3.9f1 (ad3870b89536)
[Subsystems] Discovering subsystems at path C:/Program Files/Unity/Hub/Editor/2021.3.9f1/Editor/Data/Resources/UnitySubsystems
[Subsystems] Discovering subsystems at path C:/Users/Intel/Desktop/22/Assets
GfxDevice: creating device client; threaded=0; jobified=0
Direct3D:
    Version:  Direct3D 11.0 [level 11.0]
    Renderer: NVIDIA GeForce GTX 760 (ID=0x1187)
    Vendor:   NVIDIA
    VRAM:     2007 MB
    Driver:   30.0.14.7212
Initialize mono
Mono path[0] = 'C:/Program Files/Unity/Hub/Editor/2021.3.9f1/Editor/Data/Managed'
Mono path[1] = 'C:/Program Files/Unity/Hub/Editor/2021.3.9f1/Editor/Data/MonoBleedingEdge/lib/mono/unityjit-win32'
Mono config path = 'C:/Program Files/Unity/Hub/Editor/2021.3.9f1/Editor/Data/MonoBleedingEdge/etc'
Using monoOptions --debugger-agent=transport=dt_socket,embedding=1,server=y,suspend=n,address=127.0.0.1:56672
Begin MonoManager ReloadAssembly
Registering precompiled unity dll's ...
Register platform support module: C:/Program Files/Unity/Hub/Editor/2021.3.9f1/Editor/Data/PlaybackEngines/WebGLSupport/UnityEditor.WebGL.Extensions.dll
Register platform support module: C:/Program Files/Unity/Hub/Editor/2021.3.9f1/Editor/Data/PlaybackEngines/WindowsStandaloneSupport/UnityEditor.WindowsStandalone.Extensions.dll
Registered in 0.015035 seconds.
Native extension for WindowsStandalone target not found
Native extension for WebGL target not found
Refreshing native plugins compatible for Editor in 194.57 ms, found 4 plugins.
Preloading 0 native plugins for Editor in 0.00 ms.
Mono: successfully reloaded assembly
- Completed reload, in  1.399 seconds
Domain Reload Profiling:
	ReloadAssembly (1400ms)
		BeginReloadAssembly (160ms)
			ExecutionOrderSort (0ms)
			DisableScriptedObjects (0ms)
			BackupInstance (0ms)
			ReleaseScriptingObjects (0ms)
			CreateAndSetChildDomain (2ms)
		EndReloadAssembly (992ms)
			LoadAssemblies (153ms)
			RebuildTransferFunctionScriptingTraits (0ms)
			SetupTypeCache (222ms)
			ReleaseScriptCaches (0ms)
			RebuildScriptCaches (61ms)
			SetupLoadedEditorAssemblies (595ms)
				LogAssemblyErrors (0ms)
				InitializePlatformSupportModulesInManaged (20ms)
				SetLoadedEditorAssemblies (0ms)
				RefreshPlugins (195ms)
				BeforeProcessingInitializeOnLoad (3ms)
				ProcessInitializeOnLoadAttributes (276ms)
				ProcessInitializeOnLoadMethodAttributes (101ms)
				AfterProcessingInitializeOnLoad (0ms)
				EditorAssembliesLoaded (0ms)
			ExecutionOrderSort2 (0ms)
			AwakeInstancesAfterBackupRestoration (0ms)
Platform modules already initialized, skipping
Registering precompiled user dll's ...
Registered in 0.018675 seconds.
Begin MonoManager ReloadAssembly
Symbol file LoadedFromMemory doesn't match image C:\Users\Intel\Desktop\22\Library\PackageCache\com.unity.visualscripting@1.7.8\Editor\VisualScripting.Core\Dependencies\YamlDotNet\Unity.VisualScripting.YamlDotNet.dll
Symbol file LoadedFromMemory doesn't match image C:\Users\Intel\Desktop\22\Library\PackageCache\com.unity.visualscripting@1.7.8\Editor\VisualScripting.Core\Dependencies\DotNetZip\Unity.VisualScripting.IonicZip.dll
Native extension for WindowsStandalone target not found
Native extension for WebGL target not found
Refreshing native plugins compatible for Editor in 193.61 ms, found 4 plugins.
Preloading 0 native plugins for Editor in 0.00 ms.
Mono: successfully reloaded assembly
- Completed reload, in  2.831 seconds
Domain Reload Profiling:
	ReloadAssembly (2835ms)
		BeginReloadAssembly (234ms)
			ExecutionOrderSort (0ms)
			DisableScriptedObjects (14ms)
			BackupInstance (0ms)
			ReleaseScriptingObjects (0ms)
			CreateAndSetChildDomain (34ms)
		EndReloadAssembly (2289ms)
			LoadAssemblies (186ms)
			RebuildTransferFunctionScriptingTraits (0ms)
			SetupTypeCache (732ms)
			ReleaseScriptCaches (1ms)
			RebuildScriptCaches (128ms)
			SetupLoadedEditorAssemblies (1111ms)
				LogAssemblyErrors (0ms)
				InitializePlatformSupportModulesInManaged (17ms)
				SetLoadedEditorAssemblies (0ms)
				RefreshPlugins (194ms)
				BeforeProcessingInitializeOnLoad (223ms)
				ProcessInitializeOnLoadAttributes (557ms)
				ProcessInitializeOnLoadMethodAttributes (103ms)
				AfterProcessingInitializeOnLoad (16ms)
				EditorAssembliesLoaded (0ms)
			ExecutionOrderSort2 (0ms)
			AwakeInstancesAfterBackupRestoration (14ms)
Platform modules already initialized, skipping
========================================================================
Worker process is ready to serve import requests
Launched and connected shader compiler UnityShaderCompiler.exe after 0.07 seconds
Refreshing native plugins compatible for Editor in 1.45 ms, found 4 plugins.
Preloading 0 native plugins for Editor in 0.00 ms.
Unloading 4076 Unused Serialized files (Serialized files now loaded: 0)
Unloading 44 unused Assets / (223.5 KB). Loaded Objects now: 4526.
Memory consumption went from 151.5 MB to 151.2 MB.
Total: 7.404200 ms (FindLiveObjects: 0.490700 ms CreateObjectMapping: 0.294200 ms MarkObjects: 6.311700 ms  DeleteObjects: 0.305500 ms)

AssetImportParameters requested are different than current active one (requested -> active):
  custom:video-decoder-ogg-theora: a1e56fd34408186e4bbccfd4996cb3dc -> 
  custom:container-muxer-webm: aa71ff27fc2769a1b78a27578f13a17b -> 
  custom:container-demuxer-webm: 4f35f7cbe854078d1ac9338744f61a02 -> 
  custom:video-encoder-webm-vp8: eb34c28f22e8b96e1ab97ce403110664 -> 
  custom:audio-encoder-webm-vorbis: bf7c407c2cedff20999df2af8eb42d56 -> 
  custom:framework-win-MediaFoundation: 216162199b28c13a410421893ffa2e32 -> 
  custom:container-demuxer-ogg: 62fdf1f143b41e24485cea50d1cbac27 -> 
  custom:video-decoder-webm-vp8: 9c59270c3fd7afecdb556c50c9e8de78 -> 
  custom:audio-decoder-ogg-vorbis: bf7c407c2cedff20999df2af8eb42d56 -> 
========================================================================
Received Import Request.
  Time since last request: 271063.074594 seconds.
  path: Assets/Sprites/rect.png
  artifactKey: Guid(54e5243c82281bc4dba258132edca4a3) Importer(815301076,1909f56bfc062723c751e8b465ee728b)
Start importing Assets/Sprites/rect.png using Guid(54e5243c82281bc4dba258132edca4a3) Importer(815301076,1909f56bfc062723c751e8b465ee728b)  -> (artifact id: 'a8d74f028fbaf8c1fd0c6d08511a8fbd') in 0.692491 seconds 
========================================================================
Received Import Request.
  Time since last request: 509.919202 seconds.
  path: Assets/Animation/Player (1).controller
  artifactKey: Guid(353ad4166cfe3fc488eb5b7968e9b8c0) Importer(815301076,1909f56bfc062723c751e8b465ee728b)
Start importing Assets/Animation/Player (1).controller using Guid(353ad4166cfe3fc488eb5b7968e9b8c0) Importer(815301076,1909f56bfc062723c751e8b465ee728b)  -> (artifact id: '40fc3d3ccee593ce9a303226df247f35') in 0.013758 seconds 
========================================================================
Received Import Request.
  Time since last request: 10.454428 seconds.
  path: Assets/Animation/PlayerLeft.anim
  artifactKey: Guid(d63f02d2c6717224da504fec1b4976ee) Importer(815301076,1909f56bfc062723c751e8b465ee728b)
Start importing Assets/Animation/PlayerLeft.anim using Guid(d63f02d2c6717224da504fec1b4976ee) Importer(815301076,1909f56bfc062723c751e8b465ee728b)  -> (artifact id: 'c0758b0cec6ef1171b1672f06ad2698e') in 0.006074 seconds 
========================================================================
Received Import Request.
  Time since last request: 171.783235 seconds.
  path: Assets/Script/ClickChecker.cs
  artifactKey: Guid(2142043966e1e5747bc2dbe9fe7d1ad1) Importer(815301076,1909f56bfc062723c751e8b465ee728b)
Start importing Assets/Script/ClickChecker.cs using Guid(2142043966e1e5747bc2dbe9fe7d1ad1) Importer(815301076,1909f56bfc062723c751e8b465ee728b)  -> (artifact id: 'f4090d24c2a7f30c5c849af32b435739') in 0.010842 seconds 
========================================================================
Received Import Request.
  Time since last request: 70.060822 seconds.
  path: Assets/Script/ColliderGO.cs
  artifactKey: Guid(f0ba3b333cf255d4e8772892d1d1fe9d) Importer(815301076,1909f56bfc062723c751e8b465ee728b)
Start importing Assets/Script/ColliderGO.cs using Guid(f0ba3b333cf255d4e8772892d1d1fe9d) Importer(815301076,1909f56bfc062723c751e8b465ee728b)  -> (artifact id: 'f60439d42fc2f69948dbb6e797a0dd5f') in 0.002952 seconds 
========================================================================
Received Import Request.
  Time since last request: 35.553558 seconds.
  path: Assets/Script/ColorChooser.cs
  artifactKey: Guid(d0c520917afd7bd428f73d00c926afa7) Importer(815301076,1909f56bfc062723c751e8b465ee728b)
Start importing Assets/Script/ColorChooser.cs using Guid(d0c520917afd7bd428f73d00c926afa7) Importer(815301076,1909f56bfc062723c751e8b465ee728b)  -> (artifact id: 'bf0e7740e436139b5cf1d6f5353eae30') in 0.002842 seconds 
========================================================================
Received Import Request.
  Time since last request: 29.850459 seconds.
  path: Assets/Script/ColorCombinatoin.cs
  artifactKey: Guid(769fe18d16c342143bfbf2f5280c537b) Importer(815301076,1909f56bfc062723c751e8b465ee728b)
Start importing Assets/Script/ColorCombinatoin.cs using Guid(769fe18d16c342143bfbf2f5280c537b) Importer(815301076,1909f56bfc062723c751e8b465ee728b)  -> (artifact id: 'e364e013baffcd5bb3f391e0fc9aeb79') in 0.003668 seconds 
Thread 0000000000002AE4 may have been prematurely finalized
Thread 0000000000002AE4 may have been prematurely finalized
========================================================================
Received Import Request.
  Time since last request: 55.950796 seconds.
  path: Assets/Script/GameManager.cs
  artifactKey: Guid(6e8402aec4e37134eb3bdd818d711931) Importer(815301076,1909f56bfc062723c751e8b465ee728b)
Start importing Assets/Script/GameManager.cs using Guid(6e8402aec4e37134eb3bdd818d711931) Importer(815301076,1909f56bfc062723c751e8b465ee728b)  -> (artifact id: 'a74c7155c32a765c20b0084e60a74701') in 0.002731 seconds 
========================================================================
Received Import Request.
  Time since last request: 33.882258 seconds.
  path: Assets/Script/Player.cs
  artifactKey: Guid(436f66a77743d4840953195afb57bea8) Importer(815301076,1909f56bfc062723c751e8b465ee728b)
Start importing Assets/Script/Player.cs using Guid(436f66a77743d4840953195afb57bea8) Importer(815301076,1909f56bfc062723c751e8b465ee728b)  -> (artifact id: '14e33513c87b9568bc040365477fe740') in 0.002724 seconds 
Thread 0000000000002AE4 may have been prematurely finalized
Thread 0000000000002AE4 may have been prematurely finalized
========================================================================
Received Import Request.
  Time since last request: 28.620939 seconds.
  path: Assets/Script/Spike.cs
  artifactKey: Guid(a034555a6b7fb8f45a35d2ee7d453103) Importer(815301076,1909f56bfc062723c751e8b465ee728b)
Start importing Assets/Script/Spike.cs using Guid(a034555a6b7fb8f45a35d2ee7d453103) Importer(815301076,1909f56bfc062723c751e8b465ee728b)  -> (artifact id: '453e02fe178d3f37f6509f21dfeedbc4') in 0.003879 seconds 
